e:\dgp2021\dgp6\dgp6\surfacemeshprocessing\x64\debug\vc143.pdb
e:\dgp2021\dgp6\dgp6\surfacemeshprocessing\x64\debug\surfacemeshprocessing.obj
e:\dgp2021\dgp6\dgp6\surfacemeshprocessing\x64\debug\qglviewerwidget.obj
e:\dgp2021\dgp6\dgp6\surfacemeshprocessing\x64\debug\meshviewerwidget.obj
e:\dgp2021\dgp6\dgp6\surfacemeshprocessing\x64\debug\mainviewerwidget.obj
e:\dgp2021\dgp6\dgp6\surfacemeshprocessing\x64\debug\interactiveviewerwidget.obj
e:\dgp2021\dgp6\dgp6\surfacemeshprocessing\x64\debug\meshparamwidget.obj
e:\dgp2021\dgp6\dgp6\surfacemeshprocessing\x64\debug\meshdefinition.obj
e:\dgp2021\dgp6\dgp6\surfacemeshprocessing\x64\debug\main.obj
e:\dgp2021\dgp6\dgp6\surfacemeshprocessing\x64\debug\moc_surfacemeshprocessing.obj
e:\dgp2021\dgp6\dgp6\surfacemeshprocessing\x64\debug\moc_qglviewerwidget.obj
e:\dgp2021\dgp6\dgp6\surfacemeshprocessing\x64\debug\moc_meshviewerwidget.obj
e:\dgp2021\dgp6\dgp6\surfacemeshprocessing\x64\debug\moc_meshparamwidget.obj
e:\dgp2021\dgp6\dgp6\surfacemeshprocessing\x64\debug\moc_mainviewerwidget.obj
e:\dgp2021\dgp6\dgp6\surfacemeshprocessing\x64\debug\moc_interactiveviewerwidget.obj
e:\dgp2021\dgp6\dgp6\surfacemeshprocessing\x64\debug\beziercurve.obj
e:\dgp2021\dgp6\dgp6\surfacemeshprocessing\x64\debug\qrc_surfacemeshprocessing.obj
e:\dgp2021\dgp6\dgp6\surfacemeshprocessing\x64\debug\stb_image.obj
e:\dgp2021\dgp6\dgp6\surfacemeshprocessing\generatedfiles\debug\moc_surfacemeshprocessing.cpp
e:\dgp2021\dgp6\dgp6\surfacemeshprocessing\generatedfiles\debug\moc_meshparamwidget.cpp
e:\dgp2021\dgp6\dgp6\surfacemeshprocessing\generatedfiles\debug\moc_qglviewerwidget.cpp
e:\dgp2021\dgp6\dgp6\surfacemeshprocessing\generatedfiles\debug\moc_meshviewerwidget.cpp
e:\dgp2021\dgp6\dgp6\surfacemeshprocessing\generatedfiles\debug\moc_interactiveviewerwidget.cpp
e:\dgp2021\dgp6\dgp6\surfacemeshprocessing\generatedfiles\debug\moc_mainviewerwidget.cpp
e:\dgp2021\dgp6\dgp6\surfacemeshprocessing\generatedfiles\qrc_surfacemeshprocessing.cpp
e:\dgp2021\dgp6\dgp6\x64\debug\surfacemeshprocessing.exe
e:\dgp2021\dgp6\dgp6\x64\debug\surfacemeshprocessing.ilk
e:\dgp2021\dgp6\dgp6\x64\debug\surfacemeshprocessing.pdb
e:\dgp2021\dgp6\dgp6\surfacemeshprocessing\x64\debug\surfacem.b12702ad.tlog\cl.command.1.tlog
e:\dgp2021\dgp6\dgp6\surfacemeshprocessing\x64\debug\surfacem.b12702ad.tlog\cl.read.1.tlog
e:\dgp2021\dgp6\dgp6\surfacemeshprocessing\x64\debug\surfacem.b12702ad.tlog\cl.write.1.tlog
e:\dgp2021\dgp6\dgp6\surfacemeshprocessing\x64\debug\surfacem.b12702ad.tlog\custombuild.command.1.tlog
e:\dgp2021\dgp6\dgp6\surfacemeshprocessing\x64\debug\surfacem.b12702ad.tlog\custombuild.read.1.tlog
e:\dgp2021\dgp6\dgp6\surfacemeshprocessing\x64\debug\surfacem.b12702ad.tlog\custombuild.write.1.tlog
e:\dgp2021\dgp6\dgp6\surfacemeshprocessing\x64\debug\surfacem.b12702ad.tlog\link.command.1.tlog
e:\dgp2021\dgp6\dgp6\surfacemeshprocessing\x64\debug\surfacem.b12702ad.tlog\link.read.1.tlog
e:\dgp2021\dgp6\dgp6\surfacemeshprocessing\x64\debug\surfacem.b12702ad.tlog\link.write.1.tlog
