e:\dgp2021\dgp6\dgp6\surfacemeshprocessing\x64\release\surfacemeshprocessing.obj
e:\dgp2021\dgp6\dgp6\surfacemeshprocessing\x64\release\qglviewerwidget.obj
e:\dgp2021\dgp6\dgp6\surfacemeshprocessing\x64\release\meshviewerwidget.obj
e:\dgp2021\dgp6\dgp6\surfacemeshprocessing\x64\release\mainviewerwidget.obj
e:\dgp2021\dgp6\dgp6\surfacemeshprocessing\x64\release\interactiveviewerwidget.obj
e:\dgp2021\dgp6\dgp6\surfacemeshprocessing\x64\release\meshparamwidget.obj
e:\dgp2021\dgp6\dgp6\surfacemeshprocessing\x64\release\meshdefinition.obj
e:\dgp2021\dgp6\dgp6\surfacemeshprocessing\x64\release\main.obj
e:\dgp2021\dgp6\dgp6\surfacemeshprocessing\x64\release\moc_surfacemeshprocessing.obj
e:\dgp2021\dgp6\dgp6\surfacemeshprocessing\x64\release\moc_qglviewerwidget.obj
e:\dgp2021\dgp6\dgp6\surfacemeshprocessing\x64\release\moc_meshviewerwidget.obj
e:\dgp2021\dgp6\dgp6\surfacemeshprocessing\x64\release\moc_meshparamwidget.obj
e:\dgp2021\dgp6\dgp6\surfacemeshprocessing\x64\release\moc_mainviewerwidget.obj
e:\dgp2021\dgp6\dgp6\surfacemeshprocessing\x64\release\moc_interactiveviewerwidget.obj
e:\dgp2021\dgp6\dgp6\surfacemeshprocessing\x64\release\beziercurve.obj
e:\dgp2021\dgp6\dgp6\surfacemeshprocessing\x64\release\mvc.obj
e:\dgp2021\dgp6\dgp6\surfacemeshprocessing\x64\release\stb_image.obj
e:\dgp2021\dgp6\dgp6\surfacemeshprocessing\x64\release\qrc_surfacemeshprocessing.obj
e:\dgp2021\dgp6\dgp6\surfacemeshprocessing\generatedfiles\release\moc_surfacemeshprocessing.cpp
e:\dgp2021\dgp6\dgp6\surfacemeshprocessing\generatedfiles\release\moc_meshparamwidget.cpp
e:\dgp2021\dgp6\dgp6\surfacemeshprocessing\generatedfiles\release\moc_qglviewerwidget.cpp
e:\dgp2021\dgp6\dgp6\surfacemeshprocessing\generatedfiles\release\moc_meshviewerwidget.cpp
e:\dgp2021\dgp6\dgp6\surfacemeshprocessing\generatedfiles\release\moc_interactiveviewerwidget.cpp
e:\dgp2021\dgp6\dgp6\surfacemeshprocessing\generatedfiles\release\moc_mainviewerwidget.cpp
e:\dgp2021\dgp6\dgp6\surfacemeshprocessing\generatedfiles\qrc_surfacemeshprocessing.cpp
e:\dgp2021\dgp6\dgp6\x64\release\surfacemeshprocessing.exe
e:\dgp2021\dgp6\dgp6\surfacemeshprocessing\x64\release\surfacem.b12702ad.tlog\cl.command.1.tlog
e:\dgp2021\dgp6\dgp6\surfacemeshprocessing\x64\release\surfacem.b12702ad.tlog\cl.read.1.tlog
e:\dgp2021\dgp6\dgp6\surfacemeshprocessing\x64\release\surfacem.b12702ad.tlog\cl.write.1.tlog
e:\dgp2021\dgp6\dgp6\surfacemeshprocessing\x64\release\surfacem.b12702ad.tlog\custombuild.command.1.tlog
e:\dgp2021\dgp6\dgp6\surfacemeshprocessing\x64\release\surfacem.b12702ad.tlog\custombuild.read.1.tlog
e:\dgp2021\dgp6\dgp6\surfacemeshprocessing\x64\release\surfacem.b12702ad.tlog\custombuild.write.1.tlog
e:\dgp2021\dgp6\dgp6\surfacemeshprocessing\x64\release\surfacem.b12702ad.tlog\link.command.1.tlog
e:\dgp2021\dgp6\dgp6\surfacemeshprocessing\x64\release\surfacem.b12702ad.tlog\link.read.1.tlog
e:\dgp2021\dgp6\dgp6\surfacemeshprocessing\x64\release\surfacem.b12702ad.tlog\link.write.1.tlog
